Added Component: Designator=BANANA1(1x1x2.54 Pin Header TH V)
Add component. Clean all parameters for all variants
Added Component: Designator=BANANA2(1x1x2.54 Pin Header TH V)
Add component. Clean all parameters for all variants
Added Component: Designator=BANANA3(1x1x2.54 Pin Header TH V)
Add component. Clean all parameters for all variants
Added Component: Designator=F1(PIN-W2/E2.8)
Add component. Clean all parameters for all variants
Add component (AddParameter): Name = "LatestRevisionDate"; Value = "17-Jul-2002"; VariantName = "[No Variations]"
Add component (AddParameter): Name = "LatestRevisionNote"; Value = "Re-released for DXP Platform."; VariantName = "[No Variations]"
Add component (AddParameter): Name = "PackageDescription"; Value = "Thru-Hole; 2 Leads"; VariantName = "[No Variations]"
Add component (AddParameter): Name = "PackageReference"; Value = "PIN-W2/E2.8"; VariantName = "[No Variations]"
Add component (AddParameter): Name = "Published"; Value = "8-Jun-2000"; VariantName = "[No Variations]"
Add component (AddParameter): Name = "Publisher"; Value = "Altium Limited"; VariantName = "[No Variations]"
Added Component: Designator=F2(PIN-W2/E2.8)
Add component. Clean all parameters for all variants
Add component (AddParameter): Name = "LatestRevisionDate"; Value = "17-Jul-2002"; VariantName = "[No Variations]"
Add component (AddParameter): Name = "LatestRevisionNote"; Value = "Re-released for DXP Platform."; VariantName = "[No Variations]"
Add component (AddParameter): Name = "PackageDescription"; Value = "Thru-Hole; 2 Leads"; VariantName = "[No Variations]"
Add component (AddParameter): Name = "PackageReference"; Value = "PIN-W2/E2.8"; VariantName = "[No Variations]"
Add component (AddParameter): Name = "Published"; Value = "8-Jun-2000"; VariantName = "[No Variations]"
Add component (AddParameter): Name = "Publisher"; Value = "Altium Limited"; VariantName = "[No Variations]"
Added Component: Designator=GND(1x1x2.54 Pin Header TH V)
Add component. Clean all parameters for all variants
Added Component: Designator=PIN MOS 1(1x1x2.54 Pin Header TH V)
Add component. Clean all parameters for all variants
Added Component: Designator=PIN MOS 2(1x1x2.54 Pin Header TH V)
Add component. Clean all parameters for all variants
Added Component: Designator=PIN MOS 3(1x1x2.54 Pin Header TH V)
Add component. Clean all parameters for all variants
Added Component: Designator=PIN MOS 4(1x1x2.54 Pin Header TH V)
Add component. Clean all parameters for all variants
Added Pin To Net: NetName=VS2 Pin=BANANA3-1
Added Pin To Net: NetName=FU1 Pin=F1-2
Added Pin To Net: NetName=VS1 Pin=F2-1
Added Pin To Net: NetName=GND Pin=GND-1
Added Pin To Net: NetName=MH1 Pin=PIN MOS 1-1
Added Pin To Net: NetName=ML1 Pin=PIN MOS 2-1
Added Pin To Net: NetName=MH2 Pin=PIN MOS 3-1
Added Pin To Net: NetName=ML2 Pin=PIN MOS 4-1
Added Pin To Net: NetName=GND Pin=U2-2
Added Pin To Net: NetName=GND Pin=U?-2
Added Pin To Net: NetName=NetBANANA1_1 Pin=BANANA1-1
Added Pin To Net: NetName=NetBANANA1_1 Pin=F1-1
Added Net: Name=NetBANANA1_1
Added Pin To Net: NetName=NetBANANA2_1 Pin=BANANA2-1
Added Pin To Net: NetName=NetBANANA2_1 Pin=F2-2
Added Net: Name=NetBANANA2_1
Added Member To Class: ClassName=PCB Member=Component BANANA1 Connector
Added Member To Class: ClassName=PCB Member=Component BANANA2 Connector
Added Member To Class: ClassName=PCB Member=Component BANANA3 Connector
Added Member To Class: ClassName=PCB Member=Component F1 Fuse 1
Added Member To Class: ClassName=PCB Member=Component F2 Fuse 1
Added Member To Class: ClassName=PCB Member=Component GND Connector
Added Member To Class: ClassName=PCB Member=Component PIN MOS 1 Connector
Added Member To Class: ClassName=PCB Member=Component PIN MOS 2 Connector
Added Member To Class: ClassName=PCB Member=Component PIN MOS 3 Connector
Added Member To Class: ClassName=PCB Member=Component PIN MOS 4 Connector
Added Room: Name=PCB
